<?xml version="1.0" encoding="UTF-8"?>
<testsuites name="TestSuite1" time="0" tests="0" failures="0" errors="0">
   <testsuite name="TestSuite1" tests="0" failures="0" errors="0" time="0" timestamp="2018-12-26 16:22:42" hostname="42HW170006 - DESKTOP-O8DPV8V" id="Test Suites/TestSuite1">
      <properties>
         <property name="deviceName" value=""/>
         <property name="devicePlatform" value=""/>
         <property name="logFolder" value="C:\\Users\\42HW170006\\git\\TestGitKatalon2\\Reports\\TestSuite1\\20181226_162224"/>
         <property name="logFiles" value="C:\\Users\\42HW170006\\git\\TestGitKatalon2\\Reports\\TestSuite1\\20181226_162224\\execution0.log"/>
         <property name="attachments" value=""/>
         <property name="hostName" value="42HW170006 - DESKTOP-O8DPV8V"/>
         <property name="hostAddress" value="10.16.91.89"/>
         <property name="os" value="Windows 10 64bit"/>
         <property name="katalonVersion" value="5.10.0.1"/>
      </properties>
      <system-out><![CDATA[2018-12-26 16:22:42 - [TEST_SUITE][PASSED] - TestSuite1: null]]></system-out>
      <system-err><![CDATA[]]></system-err>
   </testsuite>
</testsuites>
